<?xml version="1.0" encoding="UTF-8"?>
<!-- Generated by org.testng.reporters.JUnitReportReporter -->
<testsuite hostname="LAPTOP-TPCL9IFH" failures="0" tests="5" name="interfaceExample.SBI" time="0.030" errors="0" timestamp="2022-05-02T15:35:34 IST" skipped="0">
  <testcase classname="interfaceExample.SBI" name="current" time="0.004"/>
  <system-out/>
  <testcase classname="interfaceExample.SBI" name="saving" time="0.001"/>
  <system-out/>
  <testcase classname="interfaceExample.SBI" name="joint" time="0.007"/>
  <system-out/>
  <testcase classname="interfaceExample.SBI" name="branchDetails" time="0.015"/>
  <system-out/>
  <testcase classname="interfaceExample.SBI" name="salary" time="0.003"/>
  <system-out/>
</testsuite> <!-- interfaceExample.SBI -->
