<?xml version="1.0" encoding="UTF-8"?>
<!-- Generated by org.testng.reporters.JUnitReportReporter -->
<testsuite hostname="LAPTOP-TPCL9IFH" failures="0" tests="1" name="DiamondProgram.DecreasingPattern" time="0.021" errors="0" timestamp="2022-05-02T09:39:36 IST" skipped="0">
  <testcase classname="DiamondProgram.DecreasingPattern" name="dp" time="0.021"/>
  <system-out/>
</testsuite> <!-- DiamondProgram.DecreasingPattern -->
